<?xml version="1.0" encoding="UTF-8"?>
<!-- Generated by org.testng.reporters.JUnitReportReporter -->
<testsuite hostname="FQV95F2" name="com.orangehrm.regression.LoginLogout.TC_01_Login" tests="1" failures="0" timestamp="25 Mar 2021 12:24:09 GMT" time="11.129" errors="0">
  <testcase name="test" time="11.129" classname="com.orangehrm.regression.LoginLogout.TC_01_Login"/>
</testsuite> <!-- com.orangehrm.regression.LoginLogout.TC_01_Login -->
